2024-10-11T17:37:46.187Z [WARN]: Development mode: using fixed key for rate limiting.
2024-10-11T17:37:46.189Z [INFO]: Received request from IP: development-key
2024-10-11T17:37:48.287Z [INFO]: Email sent successfully
2024-10-11T17:37:48.288Z [INFO]: Email sent successfully for IP: development-key
2024-10-11T17:38:23.306Z [WARN]: Development mode: using fixed key for rate limiting.
2024-10-11T17:38:23.307Z [INFO]: Received request from IP: development-key
2024-10-11T17:38:24.489Z [INFO]: Email sent successfully
2024-10-11T17:38:24.490Z [INFO]: Email sent successfully for IP: development-key
2024-10-11T17:38:34.029Z [WARN]: Development mode: using fixed key for rate limiting.
2024-10-11T17:38:34.030Z [INFO]: Received request from IP: development-key
2024-10-11T17:38:35.150Z [INFO]: Email sent successfully
2024-10-11T17:38:35.150Z [INFO]: Email sent successfully for IP: development-key
2024-10-11T17:38:43.528Z [WARN]: Development mode: using fixed key for rate limiting.
2024-10-11T17:38:43.528Z [INFO]: Received request from IP: development-key
2024-10-11T17:38:44.612Z [INFO]: Email sent successfully
2024-10-11T17:38:44.613Z [INFO]: Email sent successfully for IP: development-key
2024-10-11T17:38:49.483Z [WARN]: Development mode: using fixed key for rate limiting.
2024-10-11T17:38:49.483Z [INFO]: Received request from IP: development-key
2024-10-11T17:38:50.695Z [INFO]: Email sent successfully
2024-10-11T17:38:50.696Z [INFO]: Email sent successfully for IP: development-key
2024-10-11T17:38:54.886Z [WARN]: Development mode: using fixed key for rate limiting.
2024-10-11T17:38:54.886Z [INFO]: Received request from IP: development-key
2024-10-11T17:38:55.009Z [WARN]: Rate limit exceeded for key: development-key.
2024-10-11T17:38:55.010Z [WARN]: Rate limit exceeded for IP: development-key
{
  message: 'Development mode: using fixed key for rate limiting.',
  level: 'warn',
  timestamp: '2024-10-11T21:30:18.994Z'
}
{
  message: 'Received request from IP: development-key',
  level: 'info',
  timestamp: '2024-10-11T21:30:19.003Z'
}
{
  level: 'error',
  message: 'Failed to send email via SendGrid:',
  timestamp: '2024-10-11T21:30:20.146Z'
}
{
  stack: 'Error: Error al enviar el correo electrónico: Forbidden\n' +
    '    at Module.sendEmail (C:/code/celebra-me/src/services/emailService.ts:31:13)\n' +
    '    at process.processTicksAndRejections (node:internal/process/task_queues:105:5)\n' +
    '    at async Module.POST (C:/code/celebra-me/src/pages/api/sendEmail.ts:69:5)\n' +
    '    at async renderEndpoint (file:///C:/code/celebra-me/node_modules/.pnpm/astro@4.16.0_@types+node@16.18.11_rollup@4.24.0_typescript@5.6.3/node_modules/astro/dist/runtime/server/endpoint.js:34:18)\n' +
    '    at async lastNext (file:///C:/code/celebra-me/node_modules/.pnpm/astro@4.16.0_@types+node@16.18.11_rollup@4.24.0_typescript@5.6.3/node_modules/astro/dist/core/render-context.js:133:23)\n' +
    '    at async callMiddleware (file:///C:/code/celebra-me/node_modules/.pnpm/astro@4.16.0_@types+node@16.18.11_rollup@4.24.0_typescript@5.6.3/node_modules/astro/dist/core/middleware/callMiddleware.js:11:10)\n' +
    '    at async RenderContext.render (file:///C:/code/celebra-me/node_modules/.pnpm/astro@4.16.0_@types+node@16.18.11_rollup@4.24.0_typescript@5.6.3/node_modules/astro/dist/core/render-context.js:172:22)\n' +
    '    at async handleRoute (file:///C:/code/celebra-me/node_modules/.pnpm/astro@4.16.0_@types+node@16.18.11_rollup@4.24.0_typescript@5.6.3/node_modules/astro/dist/vite-plugin-astro-server/route.js:146:16)\n' +
    '    at async run (file:///C:/code/celebra-me/node_modules/.pnpm/astro@4.16.0_@types+node@16.18.11_rollup@4.24.0_typescript@5.6.3/node_modules/astro/dist/vite-plugin-astro-server/request.js:40:14)\n' +
    '    at async runWithErrorHandling (file:///C:/code/celebra-me/node_modules/.pnpm/astro@4.16.0_@types+node@16.18.11_rollup@4.24.0_typescript@5.6.3/node_modules/astro/dist/vite-plugin-astro-server/controller.js:64:5)',
  level: 'error',
  message: 'Error sending email: Error al enviar el correo electrónico: Forbidden',
  timestamp: '2024-10-11T21:30:20.151Z'
}
{
  message: 'Development mode: using fixed key for rate limiting.',
  level: 'warn',
  timestamp: '2024-10-11T22:39:08.545Z'
}
{
  message: 'Received request from IP: development-key',
  level: 'info',
  timestamp: '2024-10-11T22:39:08.550Z'
}
{
  message: 'Email sent successfully via SendGrid',
  level: 'info',
  timestamp: '2024-10-11T22:39:09.491Z'
}
{
  message: 'Email sent successfully for IP: development-key',
  level: 'info',
  timestamp: '2024-10-11T22:39:09.492Z'
}
{
  message: 'Development mode: using fixed key for rate limiting.',
  level: 'warn',
  timestamp: '2024-10-11T23:14:29.298Z'
}
{
  message: 'Received request from IP: development-key',
  level: 'info',
  timestamp: '2024-10-11T23:14:29.303Z'
}
{
  message: 'Email sent successfully via SendGrid',
  level: 'info',
  timestamp: '2024-10-11T23:14:30.230Z'
}
{
  message: 'Email sent successfully for IP: development-key',
  level: 'info',
  timestamp: '2024-10-11T23:14:30.231Z'
}
{
  message: 'Development mode: using fixed key for rate limiting.',
  level: 'warn',
  timestamp: '2024-10-11T23:14:37.555Z'
}
{
  message: 'Received request from IP: development-key',
  level: 'info',
  timestamp: '2024-10-11T23:14:37.556Z'
}
{
  message: 'Email sent successfully via SendGrid',
  level: 'info',
  timestamp: '2024-10-11T23:14:37.963Z'
}
{
  message: 'Email sent successfully for IP: development-key',
  level: 'info',
  timestamp: '2024-10-11T23:14:37.964Z'
}
{
  message: 'Development mode: using fixed key for rate limiting.',
  level: 'warn',
  timestamp: '2024-10-11T23:14:40.041Z'
}
{
  message: 'Received request from IP: development-key',
  level: 'info',
  timestamp: '2024-10-11T23:14:40.042Z'
}
{
  message: 'Email sent successfully via SendGrid',
  level: 'info',
  timestamp: '2024-10-11T23:14:40.145Z'
}
{
  message: 'Email sent successfully for IP: development-key',
  level: 'info',
  timestamp: '2024-10-11T23:14:40.149Z'
}
{
  message: 'Development mode: using fixed key for rate limiting.',
  level: 'warn',
  timestamp: '2024-10-11T23:14:41.903Z'
}
{
  message: 'Received request from IP: development-key',
  level: 'info',
  timestamp: '2024-10-11T23:14:41.904Z'
}
{
  message: 'Email sent successfully via SendGrid',
  level: 'info',
  timestamp: '2024-10-11T23:14:42.009Z'
}
{
  message: 'Email sent successfully for IP: development-key',
  level: 'info',
  timestamp: '2024-10-11T23:14:42.010Z'
}
{
  message: 'Development mode: using fixed key for rate limiting.',
  level: 'warn',
  timestamp: '2024-10-11T23:14:43.785Z'
}
{
  message: 'Received request from IP: development-key',
  level: 'info',
  timestamp: '2024-10-11T23:14:43.786Z'
}
{
  message: 'Email sent successfully via SendGrid',
  level: 'info',
  timestamp: '2024-10-11T23:14:43.902Z'
}
{
  message: 'Email sent successfully for IP: development-key',
  level: 'info',
  timestamp: '2024-10-11T23:14:43.903Z'
}
{
  message: 'Development mode: using fixed key for rate limiting.',
  level: 'warn',
  timestamp: '2024-10-11T23:14:45.832Z'
}
{
  message: 'Received request from IP: development-key',
  level: 'info',
  timestamp: '2024-10-11T23:14:45.832Z'
}
{
  message: 'Rate limit exceeded for key: development-key.',
  level: 'warn',
  timestamp: '2024-10-11T23:14:45.871Z'
}
{
  message: 'Rate limit exceeded for IP: development-key',
  level: 'warn',
  timestamp: '2024-10-11T23:14:45.872Z'
}
